======================================================================
üìä DISCORD BOT COMMAND TEST REPORT
======================================================================
Generated: 2025-06-28 13:03:30
Total Duration: 28.74s

SUMMARY:
  Total Commands: 25
  ‚úÖ Passed: 25
  ‚ùå Failed: 0
  ‚ö†Ô∏è  Expected Failures: 0
  Success Rate: 100.0%

DETAILED RESULTS:
----------------------------------------------------------------------
Command              Args                 Status          Duration  
----------------------------------------------------------------------
help                                      ‚úÖ PASS          1.330s
profile                                   ‚úÖ PASS          1.155s
balance                                   ‚úÖ PASS          0.985s
userinfo             123456789            ‚úÖ PASS          1.000s
serverinfo                                ‚úÖ PASS          0.987s
roleinfo             @Member              ‚úÖ PASS          0.978s
avatar                                    ‚úÖ PASS          1.098s
shop                                      ‚úÖ PASS          0.964s
buy                  1                    ‚úÖ PASS          0.943s
bump                                      ‚úÖ PASS          0.934s
bumptop                                   ‚úÖ PASS          0.967s
team                 list                 ‚úÖ PASS          0.925s
teamtop                                   ‚úÖ PASS          0.973s
voice                lock                 ‚úÖ PASS          0.985s
voice                unlock               ‚úÖ PASS          0.976s
premium                                   ‚úÖ PASS          1.022s
rank                                      ‚úÖ PASS          0.961s
top                                       ‚úÖ PASS          0.987s
topusers                                  ‚úÖ PASS          0.984s
mute                 @user 10m test       ‚úÖ PASS          1.198s
unmute               @user                ‚úÖ PASS          1.261s
ban                  @user test           ‚úÖ PASS          0.973s
kick                 @user test           ‚úÖ PASS          0.940s
warn                 @user test           ‚úÖ PASS          0.959s
clear                10                   ‚úÖ PASS          1.236s

RECENT DOCKER ERRORS:
----------------------------------------------------------------------
  During handling of the above exception, another exception occurred:...
  AttributeError: 'FakeMessage' object has no attribute 'edit'...
  The above exception was the direct cause of the following exception...
  raise CommandInvokeError(exc) from exc...
  discord.ext.commands.errors.CommandInvokeError: Command raised an e...
  2025-06-28 13:03:30 [ERROR] An error occurred while executing comma...
  2025-06-28 13:03:30 [ERROR] An error occurred while executing comma...
======================================================================